

Microchip Technology PIC18 LITE Macro Assembler V1.35 build -356382666 
                                                                                               Wed Aug 11 09:42:19 2021

Microchip Technology Omniscient Code Generator v1.35 (Free mode) build 201507080246
     1                           	processor	18F4550
     2                           	fnconf	rparam,??,?,0
     3                           	opt	pw 120
     4                           	opt	lm
     5                           	psect	cinit,global,reloc=2,class=CODE,delta=1
     6                           	psect	cstackCOMRAM,global,class=COMRAM,space=1,delta=1
     7                           	psect	text0,global,reloc=2,class=CODE,delta=1
     8                           	psect	text1,global,reloc=2,class=CODE,delta=1
     9                           	psect	intsave_regs,global,class=BIGRAM,space=1,delta=1
    10                           	psect	rparam,global,class=COMRAM,space=1,delta=1
    11  0000                     _ADCON1	set	4033
    12  0000                     _CCP1CON	set	4029
    13  0000                     _CCPR1L	set	4030
    14  0000                     _CMCON	set	4020
    15  0000                     _INTCONbits	set	4082
    16  0000                     _PR2	set	4043
    17  0000                     _T0CON	set	4053
    18  0000                     _T0CONbits	set	4053
    19  0000                     _T2CON	set	4042
    20  0000                     _TMR0H	set	4055
    21  0000                     _TMR0L	set	4054
    22  0000                     _TRISC	set	3988
    23  0000                     _TRISD	set	3989
    24                           
    25                           ; #config settings
    26                           
    27                           	psect	cinit
    28  007FB8                     __pcinit:
    29                           	opt stack 0
    30  007FB8                     start_initialization:
    31                           	opt stack 0
    32  007FB8                     __initialization:
    33                           	opt stack 0
    34  007FB8                     end_of_initialization:
    35                           	opt stack 0
    36  007FB8                     __end_of__initialization:
    37                           	opt stack 0
    38  007FB8  0100               	movlb	0
    39  007FBA  EFE9  F03F         	goto	_main	;jump to C main() function
    40                           
    41                           	psect	cstackCOMRAM
    42  000000                     __pcstackCOMRAM:
    43                           	opt stack 0
    44  000000                     
    45                           ; 0 bytes @ 0x0
    46 ;;
    47 ;;Main: autosize = 0, tempsize = 0, incstack = 0, save=0
    48 ;;
    49 ;; *************** function _main *****************
    50 ;; Defined at:
    51 ;;		line 23 in file "TimerPWM.c"
    52 ;; Parameters:    Size  Location     Type
    53 ;;		None
    54 ;; Auto vars:     Size  Location     Type
    55 ;;		None
    56 ;; Return value:  Size  Location     Type
    57 ;;		None               void
    58 ;; Registers used:
    59 ;;		wreg, status,2, cstack
    60 ;; Tracked objects:
    61 ;;		On entry : 0/0
    62 ;;		On exit  : 0/0
    63 ;;		Unchanged: 0/0
    64 ;; Data sizes:     COMRAM   BANK0   BANK1   BANK2   BANK3   BANK4   BANK5   BANK6   BANK7
    65 ;;      Params:         0       0       0       0       0       0       0       0       0
    66 ;;      Locals:         0       0       0       0       0       0       0       0       0
    67 ;;      Temps:          0       0       0       0       0       0       0       0       0
    68 ;;      Totals:         0       0       0       0       0       0       0       0       0
    69 ;;Total ram usage:        0 bytes
    70 ;; Hardware stack levels required when called:    1
    71 ;; This function calls:
    72 ;;		_Delay1sec
    73 ;; This function is called by:
    74 ;;		Startup code after reset
    75 ;; This function uses a non-reentrant model
    76 ;;
    77                           
    78                           	psect	text0
    79  007FD2                     __ptext0:
    80                           	opt stack 0
    81  007FD2                     _main:
    82                           	opt stack 30
    83                           
    84                           ;TimerPWM.c: 25: ADCON1 = 0x0F;
    85                           
    86                           ;incstack = 0
    87  007FD2  0E0F               	movlw	15
    88  007FD4  6EC1               	movwf	4033,c	;volatile
    89                           
    90                           ;TimerPWM.c: 26: CMCON = 0x07;
    91  007FD6  0E07               	movlw	7
    92  007FD8  6EB4               	movwf	4020,c	;volatile
    93                           
    94                           ;TimerPWM.c: 29: TRISC = 0x00;
    95  007FDA  0E00               	movlw	0
    96  007FDC  6E94               	movwf	3988,c	;volatile
    97                           
    98                           ;TimerPWM.c: 30: TRISD = 0x00;
    99  007FDE  0E00               	movlw	0
   100  007FE0  6E95               	movwf	3989,c	;volatile
   101                           
   102                           ;TimerPWM.c: 31: T0CON = 0b00000111;
   103  007FE2  0E07               	movlw	7
   104  007FE4  6ED5               	movwf	4053,c	;volatile
   105                           
   106                           ;TimerPWM.c: 33: T2CON = 0b00000111;
   107  007FE6  0E07               	movlw	7
   108  007FE8  6ECA               	movwf	4042,c	;volatile
   109                           
   110                           ;TimerPWM.c: 35: CCP1CON = 0b00001100;
   111  007FEA  0E0C               	movlw	12
   112  007FEC  6EBD               	movwf	4029,c	;volatile
   113                           
   114                           ;TimerPWM.c: 36: PR2 = 1575;
   115  007FEE  0E27               	movlw	39
   116  007FF0  6ECB               	movwf	4043,c	;volatile
   117  007FF2                     l35:
   118                           
   119                           ;TimerPWM.c: 39: {
   120                           ;TimerPWM.c: 40: CCPR1L = 1124;
   121  007FF2  0E64               	movlw	100
   122  007FF4  6EBE               	movwf	4030,c	;volatile
   123                           
   124                           ;TimerPWM.c: 43: Delay1sec();
   125  007FF6  ECDF  F03F         	call	_Delay1sec	;wreg free
   126                           
   127                           ;TimerPWM.c: 44: Delay1sec();
   128  007FFA  ECDF  F03F         	call	_Delay1sec	;wreg free
   129  007FFE  D7F9               	goto	l35
   130  008000                     __end_of_main:
   131                           	opt stack 0
   132                           
   133 ;; *************** function _Delay1sec *****************
   134 ;; Defined at:
   135 ;;		line 12 in file "TimerPWM.c"
   136 ;; Parameters:    Size  Location     Type
   137 ;;		None
   138 ;; Auto vars:     Size  Location     Type
   139 ;;		None
   140 ;; Return value:  Size  Location     Type
   141 ;;		None               void
   142 ;; Registers used:
   143 ;;		wreg, status,2
   144 ;; Tracked objects:
   145 ;;		On entry : 0/0
   146 ;;		On exit  : 0/0
   147 ;;		Unchanged: 0/0
   148 ;; Data sizes:     COMRAM   BANK0   BANK1   BANK2   BANK3   BANK4   BANK5   BANK6   BANK7
   149 ;;      Params:         0       0       0       0       0       0       0       0       0
   150 ;;      Locals:         0       0       0       0       0       0       0       0       0
   151 ;;      Temps:          0       0       0       0       0       0       0       0       0
   152 ;;      Totals:         0       0       0       0       0       0       0       0       0
   153 ;;Total ram usage:        0 bytes
   154 ;; Hardware stack levels used:    1
   155 ;; This function calls:
   156 ;;		Nothing
   157 ;; This function is called by:
   158 ;;		_main
   159 ;; This function uses a non-reentrant model
   160 ;;
   161                           
   162                           	psect	text1
   163  007FBE                     __ptext1:
   164                           	opt stack 0
   165  007FBE                     _Delay1sec:
   166                           	opt stack 30
   167                           
   168                           ;TimerPWM.c: 13: TMR0H = 0X48;
   169                           
   170                           ;incstack = 0
   171  007FBE  0E48               	movlw	72
   172  007FC0  6ED7               	movwf	4055,c	;volatile
   173                           
   174                           ;TimerPWM.c: 14: TMR0L = 0XE5;
   175  007FC2  0EE5               	movlw	229
   176  007FC4  6ED6               	movwf	4054,c	;volatile
   177                           
   178                           ;TimerPWM.c: 16: INTCONbits.TMR0IF = 0;
   179  007FC6  94F2               	bcf	intcon,2,c	;volatile
   180                           
   181                           ;TimerPWM.c: 17: T0CONbits.TMR0ON = 1;
   182  007FC8  8ED5               	bsf	4053,7,c	;volatile
   183  007FCA                     l29:
   184  007FCA  A4F2               	btfss	intcon,2,c	;volatile
   185  007FCC  D7FE               	goto	l29
   186                           
   187                           ;TimerPWM.c: 20: T0CONbits.TMR0ON = 0;
   188  007FCE  9ED5               	bcf	4053,7,c	;volatile
   189  007FD0  0012               	return		;funcret
   190  007FD2                     __end_of_Delay1sec:
   191                           	opt stack 0
   192  0000                     intcon	equ	0xFF2
   193                           intcon	equ	0xFF2
   194                           
   195                           	psect	rparam
   196  0000                     intcon	equ	0xFF2


Data Sizes:
    Strings     0
    Constant    0
    Data        0
    BSS         0
    Persistent  0
    Stack       0

Auto Spaces:
    Space          Size  Autos    Used
    COMRAM           95      0       0
    BANK0           160      0       0
    BANK1           256      0       0
    BANK2           256      0       0
    BANK3           256      0       0
    BANK4           256      0       0
    BANK5           256      0       0
    BANK6           256      0       0
    BANK7           256      0       0

Pointer List with Targets:

    None.

Critical Paths under _main in COMRAM

    None.

Critical Paths under _main in BANK0

    None.

Critical Paths under _main in BANK1

    None.

Critical Paths under _main in BANK2

    None.

Critical Paths under _main in BANK3

    None.

Critical Paths under _main in BANK4

    None.

Critical Paths under _main in BANK5

    None.

Critical Paths under _main in BANK6

    None.

Critical Paths under _main in BANK7

    None.

Call Graph Tables:

 ---------------------------------------------------------------------------------
 (Depth) Function   	        Calls       Base Space   Used Autos Params    Refs
 ---------------------------------------------------------------------------------
 (0) _main                                                 0     0      0       0
                          _Delay1sec
 ---------------------------------------------------------------------------------
 (1) _Delay1sec                                            0     0      0       0
 ---------------------------------------------------------------------------------
 Estimated maximum stack depth 1
 ---------------------------------------------------------------------------------

 Call Graph Graphs:

 _main (ROOT)
   _Delay1sec

 Address spaces:
Name               Size   Autos  Total    Cost      Usage
BITCOMRAM           5F      0       0       0        0.0%
EEDATA             100      0       0       0        0.0%
NULL                 0      0       0       0        0.0%
CODE                 0      0       0       0        0.0%
COMRAM              5F      0       0       1        0.0%
STACK                0      0       0       2        0.0%
DATA                 0      0       0       3        0.0%
BITBANK0            A0      0       0       4        0.0%
BANK0               A0      0       0       5        0.0%
BITBANK1           100      0       0       6        0.0%
BANK1              100      0       0       7        0.0%
BITBANK2           100      0       0       8        0.0%
BANK2              100      0       0       9        0.0%
BITBANK3           100      0       0      10        0.0%
BANK3              100      0       0      11        0.0%
BITBANK4           100      0       0      12        0.0%
BANK4              100      0       0      13        0.0%
BITBANK5           100      0       0      14        0.0%
BANK5              100      0       0      15        0.0%
BITBANK6           100      0       0      16        0.0%
BANK6              100      0       0      17        0.0%
BITBANK7           100      0       0      18        0.0%
BANK7              100      0       0      19        0.0%
ABS                  0      0       0      20        0.0%
BIGRAM             7FF      0       0      21        0.0%
BITSFR               0      0       0      40        0.0%
SFR                  0      0       0      40        0.0%


Microchip Technology PIC18 Macro Assembler V1.35 build -356382666 
Symbol Table                                                                                   Wed Aug 11 09:42:19 2021

                     l35 7FF2                       l29 7FCA                      _PR2 000FCB  
                   _main 7FD2                     start 1000             ___param_bank 000010  
                  ?_main 0000                    _CMCON 000FB4                    _T0CON 000FD5  
                  _T2CON 000FCA                    _TMR0H 000FD7                    _TMR0L 000FD6  
                  _TRISC 000F94                    _TRISD 000F95          __initialization 7FB8  
           __end_of_main 8000       __size_of_Delay1sec 0014                   ??_main 0000  
          __activetblptr 000000                   _ADCON1 000FC1                   _CCPR1L 000FBE  
      __end_of_Delay1sec 7FD2               __accesstop 0060  __end_of__initialization 7FB8  
          ___rparam_used 000001           __pcstackCOMRAM 0000                  _CCP1CON 000FBD  
                __Hparam 0000                  __Lparam 0000                  __pcinit 7FB8  
                __ramtop 0800                  __ptext0 7FD2                  __ptext1 7FBE  
              _T0CONbits 000FD5     end_of_initialization 7FB8                _Delay1sec 7FBE  
    start_initialization 7FB8               ?_Delay1sec 0000              ??_Delay1sec 0000  
               __Hrparam 0000                 __Lrparam 0000            __size_of_main 002E  
             _INTCONbits 000FF2  
